<?xml version="1.0" encoding="UTF-8"?>
<testng-results ignored="0" total="1" passed="1" failed="0" skipped="0">
  <reporter-output>
  </reporter-output>
  <suite started-at="2023-10-12T22:25:06 EDT" name="Default suite" finished-at="2023-10-12T22:25:10 EDT" duration-ms="4645">
    <groups>
    </groups>
    <test started-at="2023-10-12T22:25:06 EDT" name="Default test" finished-at="2023-10-12T22:25:10 EDT" duration-ms="4645">
      <class name="com.facebook.registrationTest.RegistrationTest">
        <test-method is-config="true" signature="openFacebook()[pri:0, instance:com.facebook.registrationTest.RegistrationTest@6b2ea799]" started-at="2023-10-12T22:25:06 EDT" name="openFacebook" finished-at="2023-10-12T22:25:09 EDT" duration-ms="2974" status="PASS">
          <reporter-output>
          </reporter-output>
        </test-method> <!-- openFacebook -->
        <test-method signature="CreateRegistrationTest()[pri:0, instance:com.facebook.registrationTest.RegistrationTest@6b2ea799]" started-at="2023-10-12T22:25:09 EDT" name="CreateRegistrationTest" finished-at="2023-10-12T22:25:10 EDT" duration-ms="1634" status="PASS">
          <reporter-output>
          </reporter-output>
        </test-method> <!-- CreateRegistrationTest -->
      </class> <!-- com.facebook.registrationTest.RegistrationTest -->
    </test> <!-- Default test -->
  </suite> <!-- Default suite -->
</testng-results>
